<?xml version="1.0" encoding="UTF-8"?>
<!-- Generated by org.testng.reporters.JUnitXMLReporter -->
<testsuite ignored="0" hostname="Viveks-MacBook-Air.local" failures="0" tests="4" name="Default test" time="9.94" errors="0" timestamp="2023-12-16T13:57:52 MST">
  <testcase classname="com.api.test.UserTests" name="testPostUser" time="2.409"/>
  <testcase classname="com.api.test.UserTests" name="testGetUserByName" time="0.436"/>
  <testcase classname="com.api.test.UserTests" name="testUpdateUserByName" time="0.803"/>
  <testcase classname="com.api.test.UserTests" name="testDeleteUserByName" time="0.4"/>
</testsuite> <!-- Default test -->
