<?xml version="1.0" encoding="UTF-8"?>
<!-- Generated by org.testng.reporters.JUnitXMLReporter -->
<testsuite ignored="0" hostname="Viveks-MacBook-Air.local" failures="0" tests="4" name="Default test" time="10.19" errors="0" timestamp="2023-12-17T13:53:26 MST">
  <testcase classname="com.api.test.property.UserTests" name="testPostUser" time="2.562"/>
  <testcase classname="com.api.test.property.UserTests" name="testGetUserByName" time="0.445"/>
  <testcase classname="com.api.test.property.UserTests" name="testUpdateUserByName" time="0.901"/>
  <testcase classname="com.api.test.property.UserTests" name="testDeleteUserByName" time="0.378"/>
</testsuite> <!-- Default test -->
