<?xml version="1.0" encoding="UTF-8"?>
<!-- Generated by org.testng.reporters.JUnitXMLReporter -->
<testsuite ignored="0" hostname="Viveks-MacBook-Air.local" failures="0" tests="4" name="Test" time="10.452" errors="0" timestamp="2023-12-17T13:17:22 MST">
  <testcase classname="com.api.test.UserTests" name="testPostUser" time="2.678"/>
  <testcase classname="com.api.test.UserTests" name="testGetUserByName" time="0.447"/>
  <testcase classname="com.api.test.UserTests" name="testUpdateUserByName" time="0.758"/>
  <testcase classname="com.api.test.UserTests" name="testDeleteUserByName" time="0.396"/>
</testsuite> <!-- Test -->
