<?xml version="1.0" encoding="UTF-8"?>
<!-- Generated by org.testng.reporters.JUnitXMLReporter -->
<testsuite ignored="0" hostname="Viveks-MacBook-Air.local" failures="0" tests="4" name="Test" time="7.873" errors="0" timestamp="2023-12-17T15:36:45 MST">
  <testcase classname="com.api.test.UserTests" name="testPostUser" time="1.051"/>
  <testcase classname="com.api.test.UserTests" name="testGetUserByName" time="0.341"/>
  <testcase classname="com.api.test.UserTests" name="testUpdateUserByName" time="0.731"/>
  <testcase classname="com.api.test.UserTests" name="testDeleteUserByName" time="0.356"/>
</testsuite> <!-- Test -->
