<?xml version="1.0" encoding="UTF-8"?>
<testng-results ignored="0" total="4" passed="4" failed="0" skipped="0">
  <reporter-output>
  </reporter-output>
  <suite started-at="2023-12-17T15:36:37 MST" name="Suite" finished-at="2023-12-17T15:36:45 MST" duration-ms="7873">
    <groups>
    </groups>
    <test started-at="2023-12-17T15:36:37 MST" name="Test" finished-at="2023-12-17T15:36:45 MST" duration-ms="7873">
      <class name="com.api.test.UserTests">
        <test-method is-config="true" signature="setup()[pri:0, instance:com.api.test.UserTests@47542153]" started-at="2023-12-17T15:36:37 MST" name="setup" finished-at="2023-12-17T15:36:42 MST" duration-ms="5279" status="PASS">
          <reporter-output>
          </reporter-output>
        </test-method> <!-- setup -->
        <test-method signature="testPostUser()[pri:1, instance:com.api.test.UserTests@47542153]" started-at="2023-12-17T15:36:42 MST" name="testPostUser" finished-at="2023-12-17T15:36:43 MST" duration-ms="1051" status="PASS">
          <reporter-output>
          </reporter-output>
        </test-method> <!-- testPostUser -->
        <test-method signature="testGetUserByName()[pri:2, instance:com.api.test.UserTests@47542153]" started-at="2023-12-17T15:36:43 MST" name="testGetUserByName" finished-at="2023-12-17T15:36:44 MST" duration-ms="341" status="PASS">
          <reporter-output>
          </reporter-output>
        </test-method> <!-- testGetUserByName -->
        <test-method signature="testUpdateUserByName()[pri:3, instance:com.api.test.UserTests@47542153]" started-at="2023-12-17T15:36:44 MST" name="testUpdateUserByName" finished-at="2023-12-17T15:36:44 MST" duration-ms="731" status="PASS">
          <reporter-output>
          </reporter-output>
        </test-method> <!-- testUpdateUserByName -->
        <test-method signature="testDeleteUserByName()[pri:4, instance:com.api.test.UserTests@47542153]" started-at="2023-12-17T15:36:44 MST" name="testDeleteUserByName" finished-at="2023-12-17T15:36:45 MST" duration-ms="356" status="PASS">
          <reporter-output>
          </reporter-output>
        </test-method> <!-- testDeleteUserByName -->
      </class> <!-- com.api.test.UserTests -->
    </test> <!-- Test -->
  </suite> <!-- Suite -->
</testng-results>
