<?xml version="1.0" encoding="UTF-8"?>
<testsuite xmlns:xsi="http://www.w3.org/2001/XMLSchema-instance" xsi:noNamespaceSchemaLocation="https://maven.apache.org/surefire/maven-surefire-plugin/xsd/surefire-test-report-3.0.xsd" version="3.0" name="TestSuite" time="8.235" tests="4" errors="0" skipped="0" failures="0">
  <properties>
[...]
</properties>
  <testcase name="testPostUser" classname="com.api.test.UserTests" time="1.055">
    <system-out><![CDATA[15:36:42.844 [main] ERROR com.api.test.UserTests - And here comes the Error Message!
HTTP/1.1 200 OK
Date: Sun, 17 Dec 2023 22:36:43 GMT
Content-Type: application/json
Transfer-Encoding: chunked
Connection: keep-alive
Access-Control-Allow-Origin: *
Access-Control-Allow-Methods: GET, POST, DELETE, PUT
Access-Control-Allow-Headers: Content-Type, api_key, Authorization
Server: Jetty(9.2.9.v20150224)

{
    "code": 200,
    "type": "unknown",
    "message": "2109839984"
}
]]></system-out>
    <system-err><![CDATA[SLF4J: Failed to load class "org.slf4j.impl.StaticLoggerBinder".
SLF4J: Defaulting to no-operation (NOP) logger implementation
SLF4J: See http://www.slf4j.org/codes.html#StaticLoggerBinder for further details.
]]></system-err>
  </testcase>
  <testcase name="testGetUserByName" classname="com.api.test.UserTests" time="0.342">
    <system-out><![CDATA[HTTP/1.1 200 OK
Date: Sun, 17 Dec 2023 22:36:44 GMT
Content-Type: application/json
Transfer-Encoding: chunked
Connection: keep-alive
Access-Control-Allow-Origin: *
Access-Control-Allow-Methods: GET, POST, DELETE, PUT
Access-Control-Allow-Headers: Content-Type, api_key, Authorization
Server: Jetty(9.2.9.v20150224)

{
    "id": 2109839984,
    "username": "novella.kuphal",
    "firstName": "Hyman",
    "lastName": "Wolff",
    "email": "ashanti.ankunding@yahoo.com",
    "password": "t37tltb",
    "phone": "564.953.5325",
    "userStatus": 0
}
]]></system-out>
  </testcase>
  <testcase name="testUpdateUserByName" classname="com.api.test.UserTests" time="0.737">
    <system-out><![CDATA[HTTP/1.1 200 OK
Date: Sun, 17 Dec 2023 22:36:44 GMT
Content-Type: application/json
Transfer-Encoding: chunked
Connection: keep-alive
Access-Control-Allow-Origin: *
Access-Control-Allow-Methods: GET, POST, DELETE, PUT
Access-Control-Allow-Headers: Content-Type, api_key, Authorization
Server: Jetty(9.2.9.v20150224)

{
    "code": 200,
    "type": "unknown",
    "message": "2109839984"
}
HTTP/1.1 200 OK
Date: Sun, 17 Dec 2023 22:36:45 GMT
Content-Type: application/json
Transfer-Encoding: chunked
Connection: keep-alive
Access-Control-Allow-Origin: *
Access-Control-Allow-Methods: GET, POST, DELETE, PUT
Access-Control-Allow-Headers: Content-Type, api_key, Authorization
Server: Jetty(9.2.9.v20150224)

{
    "id": 2109839984,
    "username": "novella.kuphal",
    "firstName": "Terrence",
    "lastName": "Smitham",
    "email": "del.stokes@yahoo.com",
    "password": "t37tltb",
    "phone": "564.953.5325",
    "userStatus": 0
}
]]></system-out>
  </testcase>
  <testcase name="testDeleteUserByName" classname="com.api.test.UserTests" time="0.356">
    <system-out><![CDATA[HTTP/1.1 200 OK
Date: Sun, 17 Dec 2023 22:36:45 GMT
Content-Type: application/json
Transfer-Encoding: chunked
Connection: keep-alive
Access-Control-Allow-Origin: *
Access-Control-Allow-Methods: GET, POST, DELETE, PUT
Access-Control-Allow-Headers: Content-Type, api_key, Authorization
Server: Jetty(9.2.9.v20150224)

{
    "code": 200,
    "type": "unknown",
    "message": "novella.kuphal"
}
]]></system-out>
  </testcase>
</testsuite>