<?xml version="1.0" encoding="UTF-8"?>
<testng-results ignored="0" total="4" passed="4" failed="0" skipped="0">
  <reporter-output>
  </reporter-output>
  <suite started-at="2023-12-17T13:17:11 MST" name="Suite" finished-at="2023-12-17T13:17:21 MST" duration-ms="10452">
    <groups>
    </groups>
    <test started-at="2023-12-17T13:17:11 MST" name="Test" finished-at="2023-12-17T13:17:21 MST" duration-ms="10452">
      <class name="com.api.test.UserTests">
        <test-method is-config="true" signature="setup()[pri:0, instance:com.api.test.UserTests@229c6181]" started-at="2023-12-17T13:17:11 MST" name="setup" finished-at="2023-12-17T13:17:17 MST" duration-ms="5808" status="PASS">
          <reporter-output>
          </reporter-output>
        </test-method> <!-- setup -->
        <test-method signature="testPostUser()[pri:1, instance:com.api.test.UserTests@229c6181]" started-at="2023-12-17T13:17:17 MST" name="testPostUser" finished-at="2023-12-17T13:17:19 MST" duration-ms="2678" status="PASS">
          <reporter-output>
          </reporter-output>
        </test-method> <!-- testPostUser -->
        <test-method signature="testGetUserByName()[pri:2, instance:com.api.test.UserTests@229c6181]" started-at="2023-12-17T13:17:20 MST" name="testGetUserByName" finished-at="2023-12-17T13:17:20 MST" duration-ms="447" status="PASS">
          <reporter-output>
          </reporter-output>
        </test-method> <!-- testGetUserByName -->
        <test-method signature="testUpdateUserByName()[pri:3, instance:com.api.test.UserTests@229c6181]" started-at="2023-12-17T13:17:20 MST" name="testUpdateUserByName" finished-at="2023-12-17T13:17:21 MST" duration-ms="758" status="PASS">
          <reporter-output>
          </reporter-output>
        </test-method> <!-- testUpdateUserByName -->
        <test-method signature="testDeleteUserByName()[pri:4, instance:com.api.test.UserTests@229c6181]" started-at="2023-12-17T13:17:21 MST" name="testDeleteUserByName" finished-at="2023-12-17T13:17:21 MST" duration-ms="396" status="PASS">
          <reporter-output>
          </reporter-output>
        </test-method> <!-- testDeleteUserByName -->
      </class> <!-- com.api.test.UserTests -->
    </test> <!-- Test -->
  </suite> <!-- Suite -->
</testng-results>
