<?xml version="1.0" encoding="UTF-8"?>
<testng-results ignored="0" total="4" passed="4" failed="0" skipped="0">
  <reporter-output>
  </reporter-output>
  <suite started-at="2023-12-17T13:53:15 MST" name="Default suite" finished-at="2023-12-17T13:53:26 MST" duration-ms="10190">
    <groups>
    </groups>
    <test started-at="2023-12-17T13:53:15 MST" name="Default test" finished-at="2023-12-17T13:53:26 MST" duration-ms="10190">
      <class name="com.api.test.property.UserTests">
        <test-method is-config="true" signature="setup()[pri:0, instance:com.api.test.property.UserTests@65c7a252]" started-at="2023-12-17T13:53:15 MST" name="setup" finished-at="2023-12-17T13:53:21 MST" duration-ms="5816" status="PASS">
          <reporter-output>
          </reporter-output>
        </test-method> <!-- setup -->
        <test-method signature="testPostUser()[pri:1, instance:com.api.test.property.UserTests@65c7a252]" started-at="2023-12-17T13:53:21 MST" name="testPostUser" finished-at="2023-12-17T13:53:24 MST" duration-ms="2562" status="PASS">
          <reporter-output>
          </reporter-output>
        </test-method> <!-- testPostUser -->
        <test-method signature="testGetUserByName()[pri:2, instance:com.api.test.property.UserTests@65c7a252]" started-at="2023-12-17T13:53:24 MST" name="testGetUserByName" finished-at="2023-12-17T13:53:24 MST" duration-ms="445" status="PASS">
          <reporter-output>
          </reporter-output>
        </test-method> <!-- testGetUserByName -->
        <test-method signature="testUpdateUserByName()[pri:3, instance:com.api.test.property.UserTests@65c7a252]" started-at="2023-12-17T13:53:24 MST" name="testUpdateUserByName" finished-at="2023-12-17T13:53:25 MST" duration-ms="901" status="PASS">
          <reporter-output>
          </reporter-output>
        </test-method> <!-- testUpdateUserByName -->
        <test-method signature="testDeleteUserByName()[pri:4, instance:com.api.test.property.UserTests@65c7a252]" started-at="2023-12-17T13:53:25 MST" name="testDeleteUserByName" finished-at="2023-12-17T13:53:26 MST" duration-ms="378" status="PASS">
          <reporter-output>
          </reporter-output>
        </test-method> <!-- testDeleteUserByName -->
      </class> <!-- com.api.test.property.UserTests -->
    </test> <!-- Default test -->
  </suite> <!-- Default suite -->
</testng-results>
